0 info it worked if it ends with ok
1 verbose cli [ '/usr/local/bin/node',
1 verbose cli   '/usr/local/bin/npm',
1 verbose cli   '-g',
1 verbose cli   'install',
1 verbose cli   'uglify-css' ]
2 info using npm@1.4.28
3 info using node@v0.10.32
4 verbose cache add [ 'uglify-css', null ]
5 verbose cache add name=undefined spec="uglify-css" args=["uglify-css",null]
6 verbose parsed url { protocol: null,
6 verbose parsed url   slashes: null,
6 verbose parsed url   auth: null,
6 verbose parsed url   host: null,
6 verbose parsed url   port: null,
6 verbose parsed url   hostname: null,
6 verbose parsed url   hash: null,
6 verbose parsed url   search: null,
6 verbose parsed url   query: null,
6 verbose parsed url   pathname: 'uglify-css',
6 verbose parsed url   path: 'uglify-css',
6 verbose parsed url   href: 'uglify-css' }
7 silly lockFile d939a853-uglify-css uglify-css
8 verbose lock uglify-css /root/.npm/d939a853-uglify-css.lock
9 silly lockFile d939a853-uglify-css uglify-css
10 silly lockFile d939a853-uglify-css uglify-css
11 verbose addNamed [ 'uglify-css', '' ]
12 verbose addNamed [ null, '*' ]
13 silly lockFile d84cde46-uglify-css uglify-css@
14 verbose lock uglify-css@ /root/.npm/d84cde46-uglify-css.lock
15 silly addNameRange { name: 'uglify-css', range: '*', hasData: false }
16 verbose request where is /uglify-css
17 verbose request registry https://registry.npmjs.org/
18 verbose request id 96c342173e71dae5
19 verbose url raw /uglify-css
20 verbose url resolving [ 'https://registry.npmjs.org/', './uglify-css' ]
21 verbose url resolved https://registry.npmjs.org/uglify-css
22 verbose request where is https://registry.npmjs.org/uglify-css
23 info trying registry request attempt 1 at 19:13:10
24 http GET https://registry.npmjs.org/uglify-css
25 http 404 https://registry.npmjs.org/uglify-css
26 verbose headers { date: 'Thu, 26 Feb 2015 00:13:12 GMT',
26 verbose headers   server: 'CouchDB/1.5.0 (Erlang OTP/R16B03)',
26 verbose headers   'content-type': 'application/json',
26 verbose headers   'cache-control': 'max-age=0',
26 verbose headers   'content-length': '52',
26 verbose headers   'accept-ranges': 'bytes',
26 verbose headers   via: '1.1 varnish',
26 verbose headers   age: '0',
26 verbose headers   'x-served-by': 'cache-iad2137-IAD',
26 verbose headers   'x-cache': 'MISS',
26 verbose headers   'x-cache-hits': '0',
26 verbose headers   'x-timer': 'S1424909592.340208,VS0,VE351',
26 verbose headers   'keep-alive': 'timeout=10, max=50',
26 verbose headers   connection: 'Keep-Alive' }
27 silly registry.get cb [ 404,
27 silly registry.get   { date: 'Thu, 26 Feb 2015 00:13:12 GMT',
27 silly registry.get     server: 'CouchDB/1.5.0 (Erlang OTP/R16B03)',
27 silly registry.get     'content-type': 'application/json',
27 silly registry.get     'cache-control': 'max-age=0',
27 silly registry.get     'content-length': '52',
27 silly registry.get     'accept-ranges': 'bytes',
27 silly registry.get     via: '1.1 varnish',
27 silly registry.get     age: '0',
27 silly registry.get     'x-served-by': 'cache-iad2137-IAD',
27 silly registry.get     'x-cache': 'MISS',
27 silly registry.get     'x-cache-hits': '0',
27 silly registry.get     'x-timer': 'S1424909592.340208,VS0,VE351',
27 silly registry.get     'keep-alive': 'timeout=10, max=50',
27 silly registry.get     connection: 'Keep-Alive' } ]
28 silly lockFile d84cde46-uglify-css uglify-css@
29 silly lockFile d84cde46-uglify-css uglify-css@
30 error 404 404 Not Found: uglify-css
30 error 404
30 error 404 'uglify-css' is not in the npm registry.
30 error 404 You should bug the author to publish it
30 error 404
30 error 404 Note that you can also install from a
30 error 404 tarball, folder, or http url, or git url.
31 error System Linux 2.6.32-431.1.2.0.1.el6.x86_64
32 error command "/usr/local/bin/node" "/usr/local/bin/npm" "-g" "install" "uglify-css"
33 error cwd /var/www/html/findjobingermany
34 error node -v v0.10.32
35 error npm -v 1.4.28
36 error code E404
37 verbose exit [ 1, true ]
